<?xml version="1.0" encoding="UTF-8"?>
<!-- Generated by org.testng.reporters.JUnitReportReporter -->
<testsuite hostname="MacBooks-MBP" failures="2" tests="13" name="MuseumsPageTests" time="56.250" errors="0" timestamp="11 Jun 2020 07:04:42 GMT" skipped="0">
  <testcase classname="MuseumsPageTests" name="isFourthMuseumWorkingHoursCorrect" time="3.159"/>
  <testcase classname="MuseumsPageTests" name="isThirdMuseumLocationCorrect" time="8.044"/>
  <testcase classname="MuseumsPageTests" name="isFirstMuseumLocationCorrect" time="7.021"/>
  <testcase classname="MuseumsPageTests" name="isMuseumsTabDisplayed" time="2.271"/>
  <testcase classname="MuseumsPageTests" name="isSecondMuseumLocationCorrect" time="4.985">
    <failure message="expected [Eastern Ring Branch Rd, King Abdullah Dt.] but found [Saqr Aljazeera Aviation Museum]" type="java.lang.AssertionError">
      <![CDATA[java.lang.AssertionError: expected [Eastern Ring Branch Rd, King Abdullah Dt.] but found [Saqr Aljazeera Aviation Museum]
at org.testng.Assert.fail(Assert.java:96)
at org.testng.Assert.failNotEquals(Assert.java:776)
at org.testng.Assert.assertEqualsImpl(Assert.java:137)
at org.testng.Assert.assertEquals(Assert.java:118)
at org.testng.Assert.assertEquals(Assert.java:453)
at org.testng.Assert.assertEquals(Assert.java:463)
at MuseumsPageTests.isSecondMuseumLocationCorrect(MuseumsPageTests.java:47)
at java.base/jdk.internal.reflect.NativeMethodAccessorImpl.invoke0(Native Method)
at java.base/jdk.internal.reflect.NativeMethodAccessorImpl.invoke(NativeMethodAccessorImpl.java:62)
at java.base/jdk.internal.reflect.DelegatingMethodAccessorImpl.invoke(DelegatingMethodAccessorImpl.java:43)
at java.base/java.lang.reflect.Method.invoke(Method.java:567)
at org.testng.internal.MethodInvocationHelper.invokeMethod(MethodInvocationHelper.java:124)
at org.testng.internal.Invoker.invokeMethod(Invoker.java:583)
at org.testng.internal.Invoker.invokeTestMethod(Invoker.java:719)
at org.testng.internal.Invoker.invokeTestMethods(Invoker.java:989)
at org.testng.internal.TestMethodWorker.invokeTestMethods(TestMethodWorker.java:125)
at org.testng.internal.TestMethodWorker.run(TestMethodWorker.java:109)
at org.testng.TestRunner.privateRun(TestRunner.java:648)
at org.testng.TestRunner.run(TestRunner.java:505)
at org.testng.SuiteRunner.runTest(SuiteRunner.java:455)
at org.testng.SuiteRunner.runSequentially(SuiteRunner.java:450)
at org.testng.SuiteRunner.privateRun(SuiteRunner.java:415)
at org.testng.SuiteRunner.run(SuiteRunner.java:364)
at org.testng.SuiteRunnerWorker.runSuite(SuiteRunnerWorker.java:52)
at org.testng.SuiteRunnerWorker.run(SuiteRunnerWorker.java:84)
at org.testng.TestNG.runSuitesSequentially(TestNG.java:1208)
at org.testng.TestNG.runSuitesLocally(TestNG.java:1137)
at org.testng.TestNG.runSuites(TestNG.java:1049)
at org.testng.TestNG.run(TestNG.java:1017)
at com.intellij.rt.testng.IDEARemoteTestNG.run(IDEARemoteTestNG.java:66)
at com.intellij.rt.testng.RemoteTestNGStarter.main(RemoteTestNGStarter.java:110)
]]>
    </failure>
  </testcase> <!-- isSecondMuseumLocationCorrect -->
  <testcase classname="MuseumsPageTests" name="isFifthMuseumWorkingHoursCorrect" time="2.906"/>
  <testcase classname="MuseumsPageTests" name="areAllImagesDisplayed" time="3.430"/>
  <testcase classname="MuseumsPageTests" name="isThirdMuseumWorkingHoursCorrect" time="2.876"/>
  <testcase classname="MuseumsPageTests" name="isFifthMuseumLocationCorrect" time="5.725">
    <failure message="expected [Al Safarat] but found [King Salman Science Oasis]" type="java.lang.AssertionError">
      <![CDATA[java.lang.AssertionError: expected [Al Safarat] but found [King Salman Science Oasis]
at org.testng.Assert.fail(Assert.java:96)
at org.testng.Assert.failNotEquals(Assert.java:776)
at org.testng.Assert.assertEqualsImpl(Assert.java:137)
at org.testng.Assert.assertEquals(Assert.java:118)
at org.testng.Assert.assertEquals(Assert.java:453)
at org.testng.Assert.assertEquals(Assert.java:463)
at MuseumsPageTests.isFifthMuseumLocationCorrect(MuseumsPageTests.java:84)
at java.base/jdk.internal.reflect.NativeMethodAccessorImpl.invoke0(Native Method)
at java.base/jdk.internal.reflect.NativeMethodAccessorImpl.invoke(NativeMethodAccessorImpl.java:62)
at java.base/jdk.internal.reflect.DelegatingMethodAccessorImpl.invoke(DelegatingMethodAccessorImpl.java:43)
at java.base/java.lang.reflect.Method.invoke(Method.java:567)
at org.testng.internal.MethodInvocationHelper.invokeMethod(MethodInvocationHelper.java:124)
at org.testng.internal.Invoker.invokeMethod(Invoker.java:583)
at org.testng.internal.Invoker.invokeTestMethod(Invoker.java:719)
at org.testng.internal.Invoker.invokeTestMethods(Invoker.java:989)
at org.testng.internal.TestMethodWorker.invokeTestMethods(TestMethodWorker.java:125)
at org.testng.internal.TestMethodWorker.run(TestMethodWorker.java:109)
at org.testng.TestRunner.privateRun(TestRunner.java:648)
at org.testng.TestRunner.run(TestRunner.java:505)
at org.testng.SuiteRunner.runTest(SuiteRunner.java:455)
at org.testng.SuiteRunner.runSequentially(SuiteRunner.java:450)
at org.testng.SuiteRunner.privateRun(SuiteRunner.java:415)
at org.testng.SuiteRunner.run(SuiteRunner.java:364)
at org.testng.SuiteRunnerWorker.runSuite(SuiteRunnerWorker.java:52)
at org.testng.SuiteRunnerWorker.run(SuiteRunnerWorker.java:84)
at org.testng.TestNG.runSuitesSequentially(TestNG.java:1208)
at org.testng.TestNG.runSuitesLocally(TestNG.java:1137)
at org.testng.TestNG.runSuites(TestNG.java:1049)
at org.testng.TestNG.run(TestNG.java:1017)
at com.intellij.rt.testng.IDEARemoteTestNG.run(IDEARemoteTestNG.java:66)
at com.intellij.rt.testng.RemoteTestNGStarter.main(RemoteTestNGStarter.java:110)
]]>
    </failure>
  </testcase> <!-- isFifthMuseumLocationCorrect -->
  <testcase classname="MuseumsPageTests" name="isSecondMuseumWorkingHoursCorrect" time="2.888"/>
  <testcase classname="MuseumsPageTests" name="isSuccessfullyRedirectedToGoogleMaps" time="4.928"/>
  <testcase classname="MuseumsPageTests" name="isFirstMuseumWorkingHoursCorrect" time="2.961"/>
  <testcase classname="MuseumsPageTests" name="isFourthMuseumLocationCorrect" time="5.056"/>
</testsuite> <!-- MuseumsPageTests -->
