<?xml version="1.0" encoding="UTF-8"?>
<!-- Generated by org.testng.reporters.JUnitReportReporter -->
<testsuite hostname="MacBooks-MacBook-Pro.local" failures="0" tests="14" name="TS01_Museums" time="78.396" errors="0" timestamp="14 Jun 2020 15:49:52 GMT" skipped="0">
  <testcase classname="TS01_Museums" name="isMuseumsTabDisplayed" time="2.300"/>
  <testcase classname="TS01_Museums" name="isFourthMuseumLocationCorrect" time="6.507"/>
  <testcase classname="TS01_Museums" name="isFourthMuseumWorkingHoursCorrect" time="2.724"/>
  <testcase classname="TS01_Museums" name="isFirstMuseumLocationCorrect" time="5.357"/>
  <testcase classname="TS01_Museums" name="isFifthMuseumLocationCorrect" time="5.265"/>
  <testcase classname="TS01_Museums" name="isFirstMuseumWorkingHoursCorrect" time="3.156"/>
  <testcase classname="TS01_Museums" name="isSecondMuseumLocationCorrect" time="5.319"/>
  <testcase classname="TS01_Museums" name="isThirdMuseumLocationCorrect" time="5.704"/>
  <testcase classname="TS01_Museums" name="isSuccessfullyRedirectedToGoogleMaps" time="28.703"/>
  <testcase classname="TS01_Museums" name="isThirdMuseumWorkingHoursCorrect" time="2.857"/>
  <testcase classname="TS01_Museums" name="areAllImagesDisplayed" time="3.301"/>
  <testcase classname="TS01_Museums" name="isSecondMuseumWorkingHoursCorrect" time="2.732"/>
  <testcase classname="TS01_Museums" name="isFifthMuseumWorkingHoursCorrect" time="2.700"/>
  <testcase classname="TS01_Museums" name="applicationIsOpen" time="1.771"/>
</testsuite> <!-- TS01_Museums -->
