<?xml version="1.0" encoding="UTF-8"?>
<!-- Generated by org.testng.reporters.JUnitReportReporter -->
<testsuite hostname="MacBooks-MacBook-Pro.local" failures="0" tests="13" name="TS03_Malls" time="94.302" errors="0" timestamp="14 Jun 2020 15:49:52 GMT" skipped="0">
  <testcase classname="TS03_Malls" name="isFirstMallWorkingHoursCorrect" time="3.149"/>
  <testcase classname="TS03_Malls" name="areAllImagesDisplayed" time="3.113"/>
  <testcase classname="TS03_Malls" name="isSecondMallWorkingHoursCorrect" time="8.677"/>
  <testcase classname="TS03_Malls" name="isThirdMallLocationCorrect" time="6.676"/>
  <testcase classname="TS03_Malls" name="isFourthMallLocationCorrect" time="6.158"/>
  <testcase classname="TS03_Malls" name="isFifthMallWorkingHoursCorrect" time="3.304"/>
  <testcase classname="TS03_Malls" name="isThirdMallWorkingHoursCorrect" time="8.202"/>
  <testcase classname="TS03_Malls" name="isFifthMallLocationCorrect" time="5.553"/>
  <testcase classname="TS03_Malls" name="isFourthMallWorkingHoursCorrect" time="3.003"/>
  <testcase classname="TS03_Malls" name="isMallsTabDisplayed" time="2.628"/>
  <testcase classname="TS03_Malls" name="isSuccessfullyRedirectedToGoogleMaps" time="31.372"/>
  <testcase classname="TS03_Malls" name="isFirstMallLocationCorrect" time="6.896"/>
  <testcase classname="TS03_Malls" name="isSecondMallLocationCorrect" time="5.571"/>
</testsuite> <!-- TS03_Malls -->
