<?xml version="1.0" encoding="UTF-8"?>
<!-- Generated by org.testng.reporters.JUnitReportReporter -->
<testsuite hostname="MacBooks-MacBook-Pro.local" failures="0" tests="12" name="TS02_Mosques" time="75.842" errors="0" timestamp="14 Jun 2020 15:49:52 GMT" skipped="0">
  <testcase classname="TS02_Mosques" name="isFifthMosqueLocationCorrect" time="7.194"/>
  <testcase classname="TS02_Mosques" name="isSecondMosqueLocationCorrect" time="6.423"/>
  <testcase classname="TS02_Mosques" name="isThirdMosqueLocationCorrect" time="5.613"/>
  <testcase classname="TS02_Mosques" name="isMosqueTabDisplayed" time="2.499"/>
  <testcase classname="TS02_Mosques" name="isFourthMosqueLocationCorrect" time="5.353"/>
  <testcase classname="TS02_Mosques" name="isFifthMosqueWorkingHoursCorrect" time="2.855"/>
  <testcase classname="TS02_Mosques" name="isSuccessfullyRedirectedToGoogleMaps" time="28.271"/>
  <testcase classname="TS02_Mosques" name="isFirstMosqueWorkingHoursCorrect" time="2.831"/>
  <testcase classname="TS02_Mosques" name="isSecondMosqueWorkingHoursCorrect" time="2.879"/>
  <testcase classname="TS02_Mosques" name="isFourthMosqueWorkingHoursCorrect" time="3.015"/>
  <testcase classname="TS02_Mosques" name="isThirdMosqueWorkingHoursCorrect" time="2.789"/>
  <testcase classname="TS02_Mosques" name="isFirstMosqueLocationCorrect" time="6.120"/>
</testsuite> <!-- TS02_Mosques -->
