<?xml version="1.0" encoding="UTF-8"?>
<!-- Generated by org.testng.reporters.JUnitReportReporter -->
<testsuite hostname="MacBooks-MacBook-Pro.local" failures="0" tests="1" name="ApplicationRunningTest" time="5.546" errors="0" timestamp="13 Jun 2020 14:49:19 GMT" skipped="0">
  <testcase classname="ApplicationRunningTest" name="applicationIsOpen" time="5.546"/>
</testsuite> <!-- ApplicationRunningTest -->
