<?xml version="1.0" encoding="UTF-8"?>
<!-- Generated by org.testng.reporters.JUnitReportReporter -->
<testsuite hostname="MacBooks-MBP" failures="0" tests="1" name="ApplicationRunningTest" time="2.588" errors="0" timestamp="11 Jun 2020 07:04:42 GMT" skipped="0">
  <testcase classname="ApplicationRunningTest" name="applicationIsOpen" time="2.588"/>
</testsuite> <!-- ApplicationRunningTest -->
